<?xml version="1.0" encoding="UTF-8"?>
<!-- Generated by org.testng.reporters.JUnitXMLReporter -->
<testsuite hostname="LAPTOP-DBK4N416" name="Command line test" tests="4" failures="0" timestamp="10 Jul 2020 17:03:41 GMT" time="0.054" errors="0">
  <testcase name="div" time="0.016" classname="com.qa.test.DemoTest"/>
  <testcase name="mult" time="0.0" classname="com.qa.test.DemoTest"/>
  <testcase name="sub" time="0.001" classname="com.qa.test.DemoTest"/>
  <testcase name="sum" time="0.003" classname="com.qa.test.DemoTest"/>
</testsuite> <!-- Command line test -->
